0 info it worked if it ends with ok
1 verbose cli [ '/Users/subhash_sharma/.nvm/versions/node/v4.1.2/bin/node',
1 verbose cli   '/Users/subhash_sharma/.nvm/versions/node/v4.1.2/bin/npm',
1 verbose cli   'run',
1 verbose cli   'format' ]
2 info using npm@3.3.6
3 info using node@v4.1.2
4 verbose run-script [ 'preformat', 'format', 'postformat' ]
5 info lifecycle kriya@1.0.0~preformat: kriya@1.0.0
6 silly lifecycle kriya@1.0.0~preformat: no script for preformat, continuing
7 info lifecycle kriya@1.0.0~format: kriya@1.0.0
8 verbose lifecycle kriya@1.0.0~format: unsafe-perm in lifecycle true
9 verbose lifecycle kriya@1.0.0~format: PATH: /Users/subhash_sharma/.nvm/versions/node/v4.1.2/lib/node_modules/npm/bin/node-gyp-bin:/Users/subhash_sharma/Code/kriya/node_modules/.bin:/Users/subhash_sharma/.nvm/versions/node/v4.1.2/bin:/Users/subhash_sharma/Modelogiq/frontend/node_modules/.bin:/Users/subhash_sharma/Modelogiq/frontend/tsfmt/bin:/Users/subhash_sharma/Modelogiq/frontend/node_modules/.bin:/Users/subhash_sharma/Modelogiq/frontend/tsfmt/bin:/usr/local/bin:/usr/bin:/bin:/usr/sbin:/sbin
10 verbose lifecycle kriya@1.0.0~format: CWD: /Users/subhash_sharma/Code/kriya
11 silly lifecycle kriya@1.0.0~format: Args: [ '-c', './scripts/format_js' ]
12 info lifecycle kriya@1.0.0~format: Failed to exec format script
13 verbose stack Error: kriya@1.0.0 format: `./scripts/format_js`
13 verbose stack spawn ENOENT
13 verbose stack     at ChildProcess.<anonymous> (/Users/subhash_sharma/.nvm/versions/node/v4.1.2/lib/node_modules/npm/lib/utils/spawn.js:17:16)
13 verbose stack     at emitTwo (events.js:87:13)
13 verbose stack     at ChildProcess.emit (events.js:172:7)
13 verbose stack     at maybeClose (internal/child_process.js:818:16)
13 verbose stack     at Process.ChildProcess._handle.onexit (internal/child_process.js:211:5)
14 verbose pkgid kriya@1.0.0
15 verbose cwd /Users/subhash_sharma/Code/kriya/scripts
16 error Darwin 14.5.0
17 error argv "/Users/subhash_sharma/.nvm/versions/node/v4.1.2/bin/node" "/Users/subhash_sharma/.nvm/versions/node/v4.1.2/bin/npm" "run" "format"
18 error node v4.1.2
19 error npm  v3.3.6
20 error file sh
21 error code ELIFECYCLE
22 error errno ENOENT
23 error syscall spawn
24 error kriya@1.0.0 format: `./scripts/format_js`
24 error spawn ENOENT
25 error Failed at the kriya@1.0.0 format script './scripts/format_js'.
25 error This is most likely a problem with the kriya package,
25 error not with npm itself.
25 error Tell the author that this fails on your system:
25 error     ./scripts/format_js
25 error You can get their info via:
25 error     npm owner ls kriya
25 error There is likely additional logging output above.
26 verbose exit [ 1, true ]
